
> vibe-generated-app@1.0.0 dev
> vite


  VITE v5.4.20  ready in 281 ms

  ➜  Local:   http://localhost:3000/
  ➜  Network: http://172.20.3.209:3000/
[vite:css] @import must precede all other statements (besides @charset or empty @layer)
4  |  
5  |  /* Fonts */
6  |  @import url('https://fonts.googleapis.com/css2?family=Orbitron:wght@400;600;700&family=Exo+2:wght@300;400;600;700&display=swap');
   |  ^^^^^^^^^^^^^^^^^^^^^^^^^^^^^^^^^^^^^^^^^^^^^^^^^^^^^^^^^^^^^^^^^^^^^^^^^^^^^^^^^^^^^^^^^^^^^^^^^^^^^^^^^^^^^^^^^^^^^^^^^^^^^^^^^
7  |  
8  |  :root{
3:31:37 PM [vite] ✨ new dependencies optimized: @splinetool/react-spline
3:31:37 PM [vite] ✨ optimized dependencies changed. reloading
[vite:css] @import must precede all other statements (besides @charset or empty @layer)
4  |  
5  |  /* Fonts */
6  |  @import url('https://fonts.googleapis.com/css2?family=Orbitron:wght@400;600;700&family=Exo+2:wght@300;400;600;700&display=swap');
   |  ^^^^^^^^^^^^^^^^^^^^^^^^^^^^^^^^^^^^^^^^^^^^^^^^^^^^^^^^^^^^^^^^^^^^^^^^^^^^^^^^^^^^^^^^^^^^^^^^^^^^^^^^^^^^^^^^^^^^^^^^^^^^^^^^^
7  |  
8  |  :root{
